<?xml version="1.0" encoding="UTF-8"?>
<!-- Generated by org.testng.reporters.JUnitReportReporter -->
<testsuite hostname="LAPTOP-O654JP8L" name="io.qa.test.PUTMethod" tests="1" failures="0" timestamp="3 Feb 2018 23:47:34 GMT" time="2.266" errors="0">
  <testcase name="testPUT" time="2.266" classname="io.qa.test.PUTMethod"/>
</testsuite> <!-- io.qa.test.PUTMethod -->
