<?xml version="1.0" encoding="UTF-8"?>
<!-- Generated by org.testng.reporters.JUnitReportReporter -->
<testsuite hostname="LAPTOP-O654JP8L" name="io.qa.test.TestGETMethod" tests="3" failures="0" timestamp="3 Feb 2018 23:30:24 GMT" time="4.093" errors="0">
  <testcase name="testBody" time="0.964" classname="io.qa.test.TestGETMethod"/>
  <testcase name="testHeader" time="0.601" classname="io.qa.test.TestGETMethod"/>
  <testcase name="testStatusCode" time="2.528" classname="io.qa.test.TestGETMethod"/>
</testsuite> <!-- io.qa.test.TestGETMethod -->
