<?xml version="1.0" encoding="UTF-8"?>
<!-- Generated by org.testng.reporters.JUnitReportReporter -->
<testsuite hostname="LAPTOP-O654JP8L" name="io.qa.test.PostMethod" tests="2" failures="0" timestamp="3 Feb 2018 23:28:19 GMT" time="3.092" errors="0">
  <testcase name="testPOST2" time="0.486" classname="io.qa.test.PostMethod"/>
  <testcase name="testPOST" time="2.606" classname="io.qa.test.PostMethod"/>
</testsuite> <!-- io.qa.test.PostMethod -->
