<?xml version="1.0" encoding="UTF-8"?>
<!-- Generated by org.testng.reporters.JUnitReportReporter -->
<testsuite hostname="LAPTOP-O654JP8L" name="io.qa.test.TestResponse" tests="1" failures="0" timestamp="4 Feb 2018 00:04:53 GMT" time="3.026" errors="0">
  <testcase name="testResponse" time="3.026" classname="io.qa.test.TestResponse"/>
</testsuite> <!-- io.qa.test.TestResponse -->
