<?xml version="1.0" encoding="UTF-8"?>
<!-- Generated by org.testng.reporters.JUnitReportReporter -->
<testsuite hostname="LAPTOP-O654JP8L" name="io.qa.test.DeleteMethod" tests="1" failures="0" timestamp="3 Feb 2018 23:53:23 GMT" time="1.957" errors="0">
  <testcase name="testDelete" time="1.957" classname="io.qa.test.DeleteMethod"/>
</testsuite> <!-- io.qa.test.DeleteMethod -->
